DQR_android_sdk/AndroidECRSdk/build/outputs/mapping/release/seeds.txt
com.paytm.androidecrsdk.model.response.StatusCheckResponse: void setSubventionCreated(java.lang.String)
com.paytm.androidecrsdk.IPayments: void doStatusCheck(com.paytm.androidecrsdk.model.Request,com.paytm.androidecrsdk.ResponseListener)
com.paytm.androidecrsdk.driver.CommonUsbSerialPort: int read(byte[],int)
com.paytm.androidecrsdk.PaytmPayments: void doStatusCheck(com.paytm.androidecrsdk.model.Request,com.paytm.androidecrsdk.ResponseListener)
com.paytm.androidecrsdk.model.response.PrintResponse: void setStatusCode(java.lang.String)
com.paytm.androidecrsdk.model.response.StatusCheckResponse: void setSubventionOfferAmount(java.lang.String)
com.paytm.androidecrsdk.model.response.CancelResponse: CancelResponse()
com.paytm.androidecrsdk.model.response.StatusCheckResponse: java.lang.String getTid()
com.paytm.androidecrsdk.driver.USBDevice: java.lang.String toString()
com.paytm.androidecrsdk.driver.USBDevice: java.lang.Integer component6()
com.paytm.androidecrsdk.model.CardScheme: CardScheme(java.lang.String,int)
com.paytm.androidecrsdk.driver.USBDevice: java.lang.Integer getProductId()
com.paytm.androidecrsdk.model.response.SaleResponse: java.lang.String getOrderId()
com.paytm.androidecrsdk.model.request.VoidRequest$Builder: VoidRequest$Builder()
com.paytm.androidecrsdk.model.response.StatusCheckResponse: java.lang.String getBankOfferType2()
com.paytm.androidecrsdk.driver.CdcAcmSerialDriver$CdcAcmSerialPort: boolean getDTR()
com.paytm.androidecrsdk.model.request.SaleRequest$Builder: com.paytm.androidecrsdk.model.request.SaleRequest$Builder setPrintInfo(java.lang.String)
com.paytm.androidecrsdk.model.request.CancelRequest$Builder: com.paytm.androidecrsdk.model.request.CancelRequest$Builder setMerchantId(java.lang.String)
com.paytm.androidecrsdk.PaytmPayments: void submitRequest(com.paytm.androidecrsdk.model.Request,com.paytm.androidecrsdk.ResponseListener)
com.paytm.androidecrsdk.model.response.StatusCheckResponse: java.lang.String getSubventionCreated()
com.paytm.androidecrsdk.model.response.StatusCheckResponse: void setResponseExtendInfo(java.lang.String)
com.paytm.androidecrsdk.model.request.VoidRequest$Builder: java.lang.String access$000(com.paytm.androidecrsdk.model.request.VoidRequest$Builder)
com.paytm.androidecrsdk.util.SerialInputOutputHandler: int getReadBufferSize()
com.paytm.androidecrsdk.model.response.StatusCheckResponse: void setStatusCode(java.lang.String)
com.paytm.androidecrsdk.model.response.StatusCheckResponse: java.lang.String getPrintInfo()
com.paytm.androidecrsdk.IPayments: void doVoid(com.paytm.androidecrsdk.model.Request,com.paytm.androidecrsdk.ResponseListener)
com.paytm.androidecrsdk.model.response.StatusCheckResponse: void setLrInfo(java.lang.String)
com.paytm.androidecrsdk.model.request.VoidRequest$Builder: com.paytm.androidecrsdk.model.request.VoidRequest$Builder setExtendInfo(java.lang.String)
com.paytm.androidecrsdk.model.request.VoidRequest: VoidRequest(com.paytm.androidecrsdk.model.request.VoidRequest$Builder,com.paytm.androidecrsdk.model.request.VoidRequest$1)
com.paytm.androidecrsdk.driver.CdcAcmSerialDriver$CdcAcmSerialPort: CdcAcmSerialDriver$CdcAcmSerialPort(com.paytm.androidecrsdk.driver.CdcAcmSerialDriver,android.hardware.usb.UsbDevice,int)
com.paytm.androidecrsdk.model.request.SaleRequest$Builder: java.lang.String access$700(com.paytm.androidecrsdk.model.request.SaleRequest$Builder)
com.paytm.androidecrsdk.driver.SerialComm: void disconnect()
com.paytm.androidecrsdk.model.response.SaleResponse: SaleResponse()
com.paytm.androidecrsdk.IPayments: void setDeviceStateListener(com.paytm.androidecrsdk.util.DeviceStateListener)
com.paytm.androidecrsdk.model.Config$Builder: int access$300(com.paytm.androidecrsdk.model.Config$Builder)
com.paytm.androidecrsdk.model.response.StatusCheckResponse: void setBankOfferContributorInfo4(java.lang.String)
com.paytm.androidecrsdk.util.SerialInputOutputHandler: int getWriteBufferSize()