DQR_android_sdk/AndroidECRSdk/build/outputs/mapping/release/mapping.txt
# compiler: R8
# compiler_version: 3.2.74
# common_typos_disable
# {"id":"com.android.tools.r8.mapping","version":"2.0"}
# pg_map_id: 8df8dc9
# pg_map_hash: SHA-256 8df8dc9cc9d87e1355a58250249cfb8ba08e5b59fd9aa1cb3395135bb32ab0c6
...
a.WiredRequest$$ExternalSyntheticOutline0 -> a.c:
# {"id":"sourceFile","fileName":"R8$$SyntheticClass"}
# {"id":"com.android.tools.r8.synthesized"}
    1:3:java.lang.StringBuilder com.paytm.androidecrsdk.connection.WiredRequest$$InternalSyntheticOutline$10$1a8393a193db8402ba98beba96e3d323a4700dc8256327f7699d7310f4621915$0.m(java.lang.StringBuilder,java.lang.String,char,java.lang.String):0:2 -> a
      # {"id":"com.android.tools.r8.synthesized"}
      # {"id":"com.android.tools.r8.outline"}
com.paytm.androidecrsdk.connection.MessageStatusListener -> a.a:
com.paytm.androidecrsdk.connection.RequestProcessor -> a.b:
    android.os.Handler handler -> g
    com.paytm.androidecrsdk.util.DeviceStateListener deviceStateListener -> h
    java.lang.String TAG -> i
    com.paytm.androidecrsdk.driver.SerialComm serialComm -> b
    com.paytm.androidecrsdk.connection.WiredRequest currentRequest -> c
    java.lang.Runnable sendMessageRunnable -> f
    com.paytm.androidecrsdk.connection.RequestProcessor$TimeOutRunnable timeOutRunnable -> e
    com.paytm.androidecrsdk.model.Config config -> a
    java.lang.String lastSaleRequestId -> d
    1:1:com.paytm.androidecrsdk.model.request.StatusCheckRequest com.paytm.androidecrsdk.connection.RequestProcessor.createStatusCheckRequest(com.paytm.androidecrsdk.model.response.BaseResponse):0:0 -> a
    1:1:com.paytm.androidecrsdk.connection.WiredRequest getStatusCheckRequest(com.paytm.androidecrsdk.model.response.BaseResponse,java.lang.String,com.paytm.androidecrsdk.ResponseListener):0 -> a
    2:2:com.paytm.androidecrsdk.connection.WiredRequest getStatusCheckRequest(com.paytm.androidecrsdk.model.response.BaseResponse,java.lang.String,com.paytm.androidecrsdk.ResponseListener):0:0 -> a
    3:3:com.paytm.androidecrsdk.connection.WiredRequest com.paytm.androidecrsdk.connection.RequestProcessor.getStatusCheckRequest(com.paytm.androidecrsdk.model.Request,com.paytm.androidecrsdk.ResponseListener):0:0 -> a
com.paytm.androidecrsdk.connection.RequestProcessor$1 -> a.b$a:
    int[] $SwitchMap$com$paytm$androidecrsdk$constants$Command -> a
com.paytm.androidecrsdk.connection.RequestProcessor$TimeOutRunnable -> a.b$b:
    com.paytm.androidecrsdk.connection.RequestProcessor this$0 -> b
    java.lang.String requestId -> a
    1:1:com.paytm.androidecrsdk.connection.WiredRequest com.paytm.androidecrsdk.connection.RequestProcessor.access$000(com.paytm.androidecrsdk.connection.RequestProcessor):0:0 -> run
    1:1:void run():0 -> run
    2:2:void run():0:0 -> run
    3:3:boolean com.paytm.androidecrsdk.connection.RequestProcessor.access$100(com.paytm.androidecrsdk.connection.RequestProcessor,com.paytm.androidecrsdk.connection.WiredRequest):0:0 -> run
    3:3:void run():0 -> run
    4:4:java.lang.String com.paytm.androidecrsdk.connection.RequestProcessor.access$200():0:0 -> run
    4:4:void run():0 -> run
    5:5:void run():0:0 -> run
    6:6:void com.paytm.androidecrsdk.connection.RequestProcessor.access$300(com.paytm.androidecrsdk.connection.RequestProcessor,com.paytm.androidecrsdk.constants.ErrorType):0:0 -> run
    6:6:void run():0 -> run